JvmtiExport can_access_local_variables 0
JvmtiExport can_hotswap_or_post_breakpoint 0
JvmtiExport can_post_on_exceptions 0
# 177 ciObject found
ciMethod java/lang/Object <init> ()V 4097 1 232556 0 0
ciMethod java/lang/Class isInstance (Ljava/lang/Object;)Z 4097 1 512 0 -1
ciMethod java/lang/System nanoTime ()J 2049 1 256 0 -1
ciMethod java/lang/Thread start ()V 113 1 14 0 0
ciMethod java/lang/Thread start0 ()V 113 1 14 0 -1
ciMethod java/lang/ThreadGroup add (Ljava/lang/Thread;)V 145 1 18 0 -1
ciMethod java/lang/ThreadGroup threadStartFailed (Ljava/lang/Thread;)V 0 0 1 0 -1
ciMethod sun/misc/Unsafe compareAndSwapInt (Ljava/lang/Object;JII)Z 2049 1 256 0 -1
ciMethod sun/misc/Unsafe getIntVolatile (Ljava/lang/Object;J)I 3073 1 384 0 -1
ciMethod sun/misc/Unsafe getLongVolatile (Ljava/lang/Object;J)J 2049 1 256 0 -1
ciMethod sun/misc/Unsafe getAndAddLong (Ljava/lang/Object;JJ)J 3073 1 974 0 -1
ciMethod java/util/concurrent/atomic/AtomicLong incrementAndGet ()J 2049 1 5380 0 0
ciMethod java/util/concurrent/atomic/AtomicLong decrementAndGet ()J 225 1 546 0 -1
ciMethodData java/lang/Object <init> ()V 2 232556 orig 264 104 163 207 90 0 0 0 0 128 4 219 22 0 0 0 0 32 1 0 0 0 0 0 0 0 0 0 0 0 0 0 0 0 0 0 0 0 0 0 0 0 0 0 0 0 0 0 0 0 0 0 0 0 0 0 0 0 0 0 0 0 0 0 0 0 0 0 0 0 0 0 0 0 0 0 0 0 0 0 0 77 68 79 32 101 120 116 114 97 32 100 97 116 97 32 108 111 99 107 0 0 0 0 0 0 0 0 0 0 0 0 0 0 0 0 0 0 0 0 0 0 0 0 0 0 0 0 0 0 0 0 0 0 0 0 0 0 0 0 0 0 0 0 0 0 0 0 0 0 0 0 0 0 0 0 0 0 0 0 0 0 0 0 0 0 0 0 0 0 0 0 0 0 0 0 0 0 0 0 0 0 0 0 0 1 0 0 0 0 0 0 0 1 0 0 0 0 0 0 0 1 0 0 0 0 0 0 0 0 0 0 0 0 0 0 0 0 2 0 0 97 83 28 0 1 0 0 0 0 0 0 0 0 0 0 0 2 0 0 0 0 0 3 0 1 0 0 0 0 0 0 0 255 255 255 255 0 0 0 0 0 0 0 0 data 0 oops 0
ciMethod java/util/Queue add (Ljava/lang/Object;)Z 0 0 1 0 -1
ciMethod java/util/AbstractQueue add (Ljava/lang/Object;)Z 2049 1 5376 0 544
ciMethod java/util/AbstractQueue offer (Ljava/lang/Object;)Z 0 0 1 0 -1
ciMethod java/util/concurrent/TimeUnit x (JJJ)J 2049 1 8459 0 0
ciMethod java/util/concurrent/TimeUnit toNanos (J)J 0 0 1 0 -1
ciMethod java/util/concurrent/TimeUnit$3 toNanos (J)J 2049 1 8455 0 160
ciMethod io/netty/util/HashedWheelTimer start ()V 2049 33 5376 0 224
ciMethod io/netty/util/HashedWheelTimer newTimeout (Lio/netty/util/TimerTask;JLjava/util/concurrent/TimeUnit;)Lio/netty/util/Timeout; 2049 1 5376 0 -1
ciMethod java/util/concurrent/atomic/AtomicIntegerFieldUpdater compareAndSet (Ljava/lang/Object;II)Z 0 0 1 0 -1
ciMethod java/util/concurrent/atomic/AtomicIntegerFieldUpdater get (Ljava/lang/Object;)I 0 0 1 0 -1
ciMethod java/util/concurrent/atomic/AtomicIntegerFieldUpdater$AtomicIntegerFieldUpdaterImpl accessCheck (Ljava/lang/Object;)V 1129 1 11981 0 224
ciMethod java/util/concurrent/atomic/AtomicIntegerFieldUpdater$AtomicIntegerFieldUpdaterImpl throwAccessCheckException (Ljava/lang/Object;)V 0 0 1 0 -1
ciMethod java/util/concurrent/atomic/AtomicIntegerFieldUpdater$AtomicIntegerFieldUpdaterImpl compareAndSet (Ljava/lang/Object;II)Z 2073 1 1302 0 0
ciMethod java/util/concurrent/atomic/AtomicIntegerFieldUpdater$AtomicIntegerFieldUpdaterImpl get (Ljava/lang/Object;)I 889 1 10115 0 224
ciMethod java/util/concurrent/CountDownLatch await ()V 33 1 4 0 -1
ciMethod io/netty/util/internal/shaded/org/jctools/queues/BaseMpscLinkedArrayQueue offer (Ljava/lang/Object;)Z 3081 1 5505 0 544
ciMethod io/netty/util/internal/shaded/org/jctools/queues/BaseMpscLinkedArrayQueue offerSlowPath (JJJ)I 0 0 4 0 -1
ciMethod io/netty/util/internal/shaded/org/jctools/queues/BaseMpscLinkedArrayQueue resize (J[Ljava/lang/Object;JLjava/lang/Object;)V 0 0 1 0 -1
ciMethod io/netty/util/internal/shaded/org/jctools/queues/BaseMpscLinkedArrayQueueColdProducerFields lvProducerLimit ()J 3081 1 5505 0 0
ciMethod io/netty/util/internal/shaded/org/jctools/queues/BaseMpscLinkedArrayQueueProducerFields lvProducerIndex ()J 2049 1 15926 0 0
ciMethod io/netty/util/internal/shaded/org/jctools/queues/BaseMpscLinkedArrayQueueProducerFields casProducerIndex (JJ)Z 3081 1 5505 0 -1
ciMethod io/netty/util/internal/shaded/org/jctools/queues/LinkedArrayQueueUtil modifiedCalcElementOffset (JJ)J 2049 1 10887 0 -1
ciMethod io/netty/util/internal/shaded/org/jctools/util/UnsafeRefArrayAccess soElement ([Ljava/lang/Object;JLjava/lang/Object;)V 233 1 6069 0 -1
ciMethod io/netty/util/HashedWheelTimer$HashedWheelTimeout <init> (Lio/netty/util/HashedWheelTimer;Lio/netty/util/TimerTask;J)V 2049 1 5375 0 0
ciMethodData java/util/concurrent/atomic/AtomicIntegerFieldUpdater$AtomicIntegerFieldUpdaterImpl get (Ljava/lang/Object;)I 2 10115 orig 264 104 163 207 90 0 0 0 0 104 224 58 23 0 0 0 0 144 1 0 0 0 0 0 0 0 0 0 0 0 0 0 0 0 0 0 0 0 0 0 0 0 0 0 0 0 0 0 0 0 0 0 0 0 0 0 0 0 0 0 0 0 0 0 0 0 0 0 0 0 0 0 0 0 0 0 0 0 0 0 0 77 68 79 32 101 120 116 114 97 32 100 97 116 97 32 108 111 99 107 0 0 0 0 0 0 0 0 0 0 0 0 0 0 0 0 0 0 0 0 0 0 0 0 0 0 0 0 0 0 0 0 0 0 0 0 0 0 0 0 0 0 0 0 0 0 0 0 0 0 0 0 0 0 0 0 0 0 0 0 0 0 0 0 0 0 0 0 0 0 0 0 0 0 0 0 0 0 0 0 0 0 0 0 0 0 0 0 0 0 0 0 0 0 0 0 0 0 0 0 0 0 0 0 0 0 0 0 0 0 0 0 0 0 0 0 0 111 0 0 0 161 56 1 0 1 0 0 0 0 0 0 0 0 0 0 0 2 0 0 0 0 0 7 0 2 0 0 0 64 0 0 0 255 255 255 255 2 0 2 0 0 0 0 0 data 8 0x20002 0x2715 0xd0005 0x80 0x0 0x0 0x0 0x0 oops 0
ciMethodData java/util/concurrent/atomic/AtomicIntegerFieldUpdater$AtomicIntegerFieldUpdaterImpl accessCheck (Ljava/lang/Object;)V 2 11981 orig 264 104 163 207 90 0 0 0 0 48 220 58 23 0 0 0 0 176 1 0 0 0 0 0 0 0 0 0 0 0 0 0 0 0 0 0 0 0 0 0 0 0 0 0 0 0 0 0 0 0 0 0 0 0 0 0 0 0 0 0 0 0 0 0 0 0 0 0 0 0 0 0 0 0 0 0 0 0 0 0 0 77 68 79 32 101 120 116 114 97 32 100 97 116 97 32 108 111 99 107 0 0 0 0 0 0 0 0 0 0 0 0 0 0 0 0 0 0 0 0 0 0 0 0 0 0 0 0 0 0 0 0 0 0 0 0 0 0 0 0 0 0 0 0 0 0 0 0 0 0 0 0 0 0 0 0 0 0 0 0 0 0 0 0 0 0 0 0 0 0 0 0 0 0 0 0 0 0 0 0 0 0 0 0 0 0 0 0 0 0 0 0 0 0 0 0 0 0 0 0 0 0 0 0 0 0 0 0 0 0 0 0 0 0 0 0 0 141 0 0 0 1 114 1 0 1 0 0 0 0 0 0 0 0 0 0 0 2 0 0 0 0 0 6 0 2 0 0 0 96 0 0 0 255 255 255 255 5 0 5 0 0 0 0 0 data 12 0x50005 0x80 0x2b6f700 0x2dc0 0x0 0x0 0x80007 0x2e3e 0x30 0x0 0xd0002 0x0 oops 1 2 java/lang/Class
ciMethodData java/util/concurrent/TimeUnit x (JJJ)J 2 8459 orig 264 104 163 207 90 0 0 0 0 176 63 24 23 0 0 0 0 136 1 0 0 0 0 0 0 0 0 0 0 0 0 0 0 0 0 0 0 0 0 0 0 0 0 0 0 0 0 0 0 0 0 0 0 0 0 0 0 0 0 0 0 0 0 0 0 0 0 0 0 0 0 0 0 0 0 0 0 0 0 0 0 77 68 79 32 101 120 116 114 97 32 100 97 116 97 32 108 111 99 107 0 0 0 0 0 0 0 0 0 0 0 0 0 0 0 0 0 0 0 0 0 0 0 0 0 0 0 0 0 0 0 0 0 0 0 0 0 0 0 0 0 0 0 0 0 0 0 0 0 0 0 0 0 0 0 0 0 0 0 0 0 0 0 0 0 0 0 0 0 0 0 0 0 0 0 0 0 0 0 0 0 0 0 0 0 0 0 0 0 0 0 0 0 0 0 0 0 0 0 0 0 0 0 0 0 0 0 0 0 0 0 0 0 0 0 0 0 0 1 0 0 89 0 1 0 1 0 0 0 0 0 0 0 0 0 0 0 2 0 0 0 0 0 7 0 2 0 0 0 64 0 0 0 255 255 255 255 7 0 4 0 0 0 0 0 data 8 0x40007 0x200b 0x20 0x0 0x100007 0x200b 0x20 0x0 oops 0
ciMethodData java/util/concurrent/TimeUnit$3 toNanos (J)J 2 8455 orig 264 104 163 207 90 0 0 0 0 104 98 24 23 0 0 0 0 104 1 0 0 0 0 0 0 0 0 0 0 0 0 0 0 0 0 0 0 0 0 0 0 0 0 0 0 0 0 0 0 0 0 0 0 0 0 0 0 0 0 0 0 0 0 0 0 0 0 0 0 0 0 0 0 0 0 0 0 0 0 0 0 77 68 79 32 101 120 116 114 97 32 100 97 116 97 32 108 111 99 107 0 0 0 0 0 0 0 0 0 0 0 0 0 0 0 0 0 0 0 0 0 0 0 0 0 0 0 0 0 0 0 0 0 0 0 0 0 0 0 0 0 0 0 0 0 0 0 0 0 0 0 0 0 0 0 0 0 0 0 0 0 0 0 0 0 0 0 0 0 0 0 0 0 0 0 0 0 0 0 0 0 0 0 0 0 0 0 0 0 0 0 0 0 0 0 0 0 0 0 0 0 0 0 0 0 0 0 0 0 0 0 0 0 0 0 0 0 0 1 0 0 57 0 1 0 1 0 0 0 0 0 0 0 0 0 0 0 2 0 0 0 0 0 8 0 2 0 0 0 16 0 0 0 255 255 255 255 2 0 7 0 0 0 0 0 data 2 0x70002 0x2007 oops 0
ciMethodData java/util/AbstractQueue add (Ljava/lang/Object;)Z 2 5376 orig 264 104 163 207 90 0 0 0 0 80 201 23 23 0 0 0 0 176 1 0 0 48 0 0 0 0 0 0 0 0 0 0 0 0 0 0 0 0 0 0 0 0 0 0 0 0 0 0 0 0 0 0 0 0 0 0 0 0 0 0 0 0 0 0 0 0 0 0 0 0 0 0 0 0 0 0 0 0 0 0 0 77 68 79 32 101 120 116 114 97 32 100 97 116 97 32 108 111 99 107 0 0 0 0 0 0 0 0 0 0 0 0 0 0 0 0 0 0 0 0 0 0 0 0 0 0 0 0 0 0 0 0 0 0 0 0 0 0 0 0 0 0 0 0 0 0 0 0 0 0 0 0 0 0 0 0 0 0 0 0 0 0 0 0 0 0 0 0 0 0 0 0 0 0 0 0 0 0 0 0 0 0 0 0 0 0 0 0 0 0 0 0 0 0 0 0 0 0 0 0 0 0 0 0 0 0 0 0 0 0 0 0 0 0 0 0 0 0 1 0 0 1 160 0 0 1 0 0 0 0 0 0 0 0 0 0 0 2 0 0 0 0 0 5 0 2 0 0 0 96 0 0 0 255 255 255 255 5 0 2 0 0 0 0 0 data 12 0x20005 0x0 0x1990a050 0x1400 0x0 0x0 0x50007 0x0 0x20 0x1401 0x100002 0x0 oops 1 2 io/netty/util/internal/shaded/org/jctools/queues/MpscUnboundedArrayQueue
ciMethodData java/util/concurrent/atomic/AtomicLong incrementAndGet ()J 2 5380 orig 264 104 163 207 90 0 0 0 0 160 122 240 22 0 0 0 0 120 1 0 0 0 0 0 0 0 0 0 0 0 0 0 0 0 0 0 0 0 0 0 0 0 0 0 0 0 0 0 0 0 0 0 0 0 0 0 0 0 0 0 0 0 0 0 0 0 0 0 0 0 0 0 0 0 0 0 0 0 0 0 0 77 68 79 32 101 120 116 114 97 32 100 97 116 97 32 108 111 99 107 0 0 0 0 0 0 0 0 0 0 0 0 0 0 0 0 0 0 0 0 0 0 0 0 0 0 0 0 0 0 0 0 0 0 0 0 0 0 0 0 0 0 0 0 0 0 0 0 0 0 0 0 0 0 0 0 0 0 0 0 0 0 0 0 0 0 0 0 0 0 0 0 0 0 0 0 0 0 0 0 0 0 0 0 0 0 0 0 0 0 0 0 0 0 0 0 0 0 0 0 0 0 0 0 0 0 0 0 0 0 0 0 0 0 0 0 0 0 1 0 0 33 160 0 0 1 0 0 0 0 0 0 0 0 0 0 0 2 0 0 0 0 0 3 0 1 0 0 0 48 0 0 0 255 255 255 255 5 0 8 0 0 0 0 0 data 6 0x80005 0x0 0x0 0x0 0x0 0x0 oops 0
ciMethodData io/netty/util/HashedWheelTimer start ()V 2 5376 orig 264 104 163 207 90 0 0 0 0 160 122 49 23 0 0 0 0 24 3 0 0 64 1 0 0 0 0 0 0 0 0 0 0 0 0 0 0 0 0 0 0 0 0 0 0 0 0 0 0 0 0 0 0 0 0 0 0 0 0 0 0 0 0 0 0 0 0 0 0 0 0 0 0 0 0 0 0 0 0 0 0 77 68 79 32 101 120 116 114 97 32 100 97 116 97 32 108 111 99 107 0 0 0 0 0 0 0 0 0 0 0 0 0 0 0 0 0 0 0 0 0 0 0 0 0 0 0 0 0 0 0 0 0 0 0 0 0 0 0 0 0 0 0 0 0 0 0 0 0 0 0 0 0 0 0 0 0 0 0 0 0 0 0 0 0 0 0 0 0 0 0 0 0 0 0 0 0 0 0 0 0 0 0 0 0 0 0 0 0 0 0 0 0 0 0 0 0 0 0 0 0 0 0 0 0 0 0 0 0 0 0 0 0 0 0 0 0 0 1 0 0 1 160 0 0 1 0 0 0 0 0 0 0 0 0 0 0 2 0 0 0 1 0 34 0 2 0 0 0 208 1 0 0 255 255 255 255 5 0 4 0 0 0 0 0 data 58 0x40005 0x0 0x17792aa0 0x1400 0x0 0x0 0x70008 0x8 0x0 0x110 0x0 0x50 0x0 0xe8 0x0 0x100 0x260005 0x0 0x0 0x0 0x0 0x0 0x290007 0x0 0xa0 0x0 0x300005 0x0 0x0 0x0 0x0 0x0 0x330003 0x0 0x50 0x360003 0x1400 0x38 0x400002 0x0 0x4b0002 0x0 0x550007 0x1400 0x80 0x0 0x5c0005 0x0 0x0 0x0 0x0 0x0 0x5f0003 0x0 0xffffffffffffffb0 0x630003 0x0 0xffffffffffffff98 oops 1 2 java/util/concurrent/atomic/AtomicIntegerFieldUpdater$AtomicIntegerFieldUpdaterImpl
ciMethodData io/netty/util/HashedWheelTimer newTimeout (Lio/netty/util/TimerTask;JLjava/util/concurrent/TimeUnit;)Lio/netty/util/Timeout; 2 5376 orig 264 104 163 207 90 0 0 0 0 176 126 49 23 0 0 0 0 152 4 0 0 208 2 0 0 0 0 0 0 0 0 0 0 0 0 0 0 0 0 0 0 0 0 0 0 0 0 0 0 0 0 0 0 0 0 0 0 0 0 0 0 0 0 0 0 0 0 0 0 0 0 0 0 0 0 0 0 0 0 0 0 77 68 79 32 101 120 116 114 97 32 100 97 116 97 32 108 111 99 107 0 0 0 0 0 0 0 0 0 0 0 0 0 0 0 0 0 0 0 0 0 0 0 0 0 0 0 0 0 0 0 0 0 0 0 0 0 0 0 0 0 0 0 0 0 0 0 0 0 0 0 0 0 0 0 0 0 0 0 0 0 0 0 0 0 0 0 0 0 0 0 0 0 0 0 0 0 0 0 0 0 0 0 0 0 0 0 0 0 0 0 0 0 0 0 0 0 0 0 0 0 0 0 0 0 0 0 0 0 0 0 0 0 0 0 0 0 0 1 0 0 1 160 0 0 1 0 0 0 0 0 0 0 0 0 0 0 2 0 0 0 0 0 17 0 2 0 0 0 48 3 0 0 255 255 255 255 7 0 1 0 0 0 0 0 data 102 0x10007 0x1400 0x30 0x0 0xb0002 0x0 0x110007 0x1400 0x30 0x0 0x1a0002 0x0 0x220005 0x0 0x19909ef0 0x1400 0x0 0x0 0x2d0007 0x1400 0x1b0 0x0 0x370007 0x0 0x190 0x0 0x3e0005 0x0 0x0 0x0 0x0 0x0 0x4a0002 0x0 0x500005 0x0 0x0 0x0 0x0 0x0 0x550005 0x0 0x0 0x0 0x0 0x0 0x5b0005 0x0 0x0 0x0 0x0 0x0 0x620005 0x0 0x0 0x0 0x0 0x0 0x680005 0x0 0x0 0x0 0x0 0x0 0x6b0005 0x0 0x0 0x0 0x0 0x0 0x6e0002 0x0 0x730005 0x0 0x19909560 0x1400 0x0 0x0 0x760002 0x1400 0x7c0005 0x0 0x19909fa0 0x13ff 0x0 0x0 0x8a0007 0x0 0x40 0x13ff 0x910007 0x13ff 0x20 0x0 0xa10002 0x13ff 0xac0005 0x0 0x1990a050 0x13ff 0x0 0x0 oops 4 14 java/util/concurrent/atomic/AtomicLong 74 io/netty/util/HashedWheelTimer 82 java/util/concurrent/TimeUnit$3 98 io/netty/util/internal/shaded/org/jctools/queues/MpscUnboundedArrayQueue
ciMethodData io/netty/util/HashedWheelTimer$HashedWheelTimeout <init> (Lio/netty/util/HashedWheelTimer;Lio/netty/util/TimerTask;J)V 2 5375 orig 264 104 163 207 90 0 0 0 0 96 224 63 26 0 0 0 0 80 1 0 0 0 0 0 0 0 0 0 0 0 0 0 0 0 0 0 0 0 0 0 0 0 0 0 0 0 0 0 0 0 0 0 0 0 0 0 0 0 0 0 0 0 0 0 0 0 0 0 0 0 0 0 0 0 0 0 0 0 0 0 0 77 68 79 32 101 120 116 114 97 32 100 97 116 97 32 108 111 99 107 0 0 0 0 0 0 0 0 0 0 0 0 0 0 0 0 0 0 0 0 0 0 0 0 0 0 0 0 0 0 0 0 0 0 0 0 0 0 0 0 0 0 0 0 0 0 0 0 0 0 0 0 0 0 0 0 0 0 0 0 0 0 0 0 0 0 0 0 0 0 0 0 0 0 0 0 0 0 0 0 0 0 0 0 0 0 0 0 0 0 0 0 0 0 0 0 0 0 0 0 0 0 0 0 0 0 0 0 0 0 0 0 0 0 0 0 0 0 1 0 0 249 159 0 0 1 0 0 0 0 0 0 0 0 0 0 0 2 0 0 0 0 0 3 0 2 0 0 0 16 0 0 0 255 255 255 255 2 0 1 0 0 0 0 0 data 2 0x10002 0x13ff oops 0
ciMethodData io/netty/util/internal/shaded/org/jctools/queues/BaseMpscLinkedArrayQueue offer (Ljava/lang/Object;)Z 2 5505 orig 264 104 163 207 90 0 0 0 0 128 189 59 23 0 0 0 0 136 3 0 0 32 0 0 0 0 0 0 0 0 0 0 0 0 0 0 0 0 0 0 0 0 0 0 0 0 0 0 0 0 0 0 0 0 0 0 0 0 0 0 0 0 0 0 0 0 0 0 0 0 0 0 0 0 0 0 0 0 0 0 0 77 68 79 32 101 120 116 114 97 32 100 97 116 97 32 108 111 99 107 0 0 0 0 0 0 0 0 0 0 0 0 0 0 0 0 0 0 0 0 0 0 0 0 0 0 0 0 0 0 0 0 0 0 0 0 0 0 0 0 0 0 0 0 0 0 0 0 0 0 0 0 0 0 0 0 0 0 0 0 0 0 0 0 0 0 0 0 0 0 0 0 0 0 0 0 0 0 0 0 0 0 0 0 0 0 0 0 0 0 0 0 0 0 0 0 0 0 0 0 0 0 0 0 0 0 0 0 0 0 0 0 0 0 0 0 0 129 1 0 0 1 160 0 0 1 0 0 0 0 0 0 0 0 0 0 0 2 0 0 0 1 0 19 0 2 0 0 0 56 2 0 0 255 255 255 255 7 0 2 0 0 0 0 0 data 71 0x20007 0x1400 0x30 0x0 0x90002 0x0 0xe0005 0x0 0x1990a050 0x1400 0x0 0x0 0x140005 0x0 0x1990a050 0x1400 0x0 0x0 0x1f0007 0x1400 0x38 0x0 0x220003 0x0 0xffffffffffffff80 0x350007 0x13fc 0xd0 0x4 0x3e0002 0x4 0x450008 0xa 0x0 0xa0 0x0 0x60 0x0 0x78 0x0 0x90 0x0 0x90 0x640003 0x4 0x40 0x670003 0x0 0xfffffffffffffec0 0x730002 0x0 0x810005 0x0 0x1990a050 0x1400 0x0 0x0 0x840007 0x0 0x38 0x1401 0x870003 0x1401 0x30 0x8a0003 0x0 0xfffffffffffffe30 0x900002 0x1401 0x9a0002 0x1400 oops 3 8 io/netty/util/internal/shaded/org/jctools/queues/MpscUnboundedArrayQueue 14 io/netty/util/internal/shaded/org/jctools/queues/MpscUnboundedArrayQueue 53 io/netty/util/internal/shaded/org/jctools/queues/MpscUnboundedArrayQueue
ciMethodData io/netty/util/internal/shaded/org/jctools/queues/BaseMpscLinkedArrayQueueColdProducerFields lvProducerLimit ()J 2 5505 orig 264 104 163 207 90 0 0 0 0 56 220 59 23 0 0 0 0 32 1 0 0 0 0 0 0 0 0 0 0 0 0 0 0 0 0 0 0 0 0 0 0 0 0 0 0 0 0 0 0 0 0 0 0 0 0 0 0 0 0 0 0 0 0 0 0 0 0 0 0 0 0 0 0 0 0 0 0 0 0 0 0 77 68 79 32 101 120 116 114 97 32 100 97 116 97 32 108 111 99 107 0 0 0 0 0 0 0 0 0 0 0 0 0 0 0 0 0 0 0 0 0 0 0 0 0 0 0 0 0 0 0 0 0 0 0 0 0 0 0 0 0 0 0 0 0 0 0 0 0 0 0 0 0 0 0 0 0 0 0 0 0 0 0 0 0 0 0 0 0 0 0 0 0 0 0 0 0 0 0 0 0 0 0 0 0 0 0 0 0 0 0 0 0 0 0 0 0 0 0 0 0 0 0 0 0 0 0 0 0 0 0 0 0 0 0 0 0 129 1 0 0 1 160 0 0 1 0 0 0 0 0 0 0 0 0 0 0 2 0 0 0 0 0 3 0 1 0 0 0 0 0 0 0 255 255 255 255 0 0 0 0 0 0 0 0 data 0 oops 0
instanceKlass java/util/concurrent/ConcurrentLinkedQueue$Itr
instanceKlass java/lang/Throwable$PrintStreamOrWriter
instanceKlass org/openqa/selenium/Proxy$1
instanceKlass java/util/stream/Collectors$$Lambda$268
instanceKlass java/util/stream/Collectors$$Lambda$267
instanceKlass java/util/stream/Collectors$$Lambda$266
instanceKlass java/util/stream/Collectors$$Lambda$265
instanceKlass org/openqa/selenium/AbstractCapabilities$$Lambda$264
instanceKlass java/util/Comparator$$Lambda$263
instanceKlass org/openqa/selenium/AbstractCapabilities$$Lambda$262
instanceKlass sun/misc/JavaxCryptoSealedObjectAccess
instanceKlass sun/misc/JavaObjectInputStreamAccess
instanceKlass sun/misc/JavaNetHttpCookieAccess
instanceKlass sun/misc/JavaAWTAccess
instanceKlass sun/misc/JavaOISAccess
instanceKlass sun/misc/JavaIOAccess
instanceKlass com/google/common/base/Throwables
instanceKlass org/openqa/selenium/net/HostIdentifier
instanceKlass java/util/stream/SortedOps$RefSortingSink$$Lambda$261
instanceKlass java/util/stream/SortedOps
instanceKlass java/util/Comparator$$Lambda$260
instanceKlass java/lang/invoke/LambdaForm$DMH
instanceKlass org/openqa/selenium/remote/ErrorCodes$$Lambda$259
instanceKlass java/util/function/ToIntFunction
instanceKlass org/openqa/selenium/remote/ErrorCodes$$Lambda$258
instanceKlass org/openqa/selenium/remote/ErrorCodes$$Lambda$257
instanceKlass java/lang/CharSequence$1CodePointIterator
instanceKlass java/util/stream/FindOps$$Lambda$256
instanceKlass java/util/stream/FindOps$$Lambda$255
instanceKlass java/util/OptionalInt
instanceKlass java/lang/CharSequence$$Lambda$254
instanceKlass io/netty/channel/AbstractChannel$AbstractUnsafe$8
instanceKlass io/netty/channel/AbstractChannelHandlerContext$11
instanceKlass org/openqa/selenium/remote/RemoteWebDriver$RemoteAlert
instanceKlass org/openqa/selenium/Alert
instanceKlass org/openqa/selenium/remote/RemoteWebDriver$RemoteTargetLocator
instanceKlass com/google/common/collect/Lists
instanceKlass com/google/common/collect/FluentIterable
instanceKlass io/netty/handler/stream/ChunkedWriteHandler$3
instanceKlass org/openqa/selenium/WrapsElement
instanceKlass org/openqa/selenium/remote/internal/WebElementToJsonConverter
instanceKlass com/google/common/io/Closer$SuppressingSuppressor
instanceKlass com/google/common/io/Closer$Suppressor
instanceKlass com/google/common/io/Closer
instanceKlass com/google/common/io/LineProcessor
instanceKlass com/google/common/io/Resources
instanceKlass java/time/Instant$1
instanceKlass java/time/Instant
instanceKlass org/openqa/selenium/support/ui/ExpectedConditions$7
instanceKlass org/openqa/selenium/support/ui/ExpectedCondition
instanceKlass org/openqa/selenium/support/ui/ExpectedConditions
instanceKlass org/openqa/selenium/support/ui/FluentWait$$Lambda$253
instanceKlass org/openqa/selenium/support/ui/Sleeper$$Lambda$252
instanceKlass java/lang/invoke/LambdaForm$DMH
instanceKlass org/openqa/selenium/support/ui/Sleeper
instanceKlass java/time/chrono/AbstractChronology$$Lambda$251
instanceKlass java/time/chrono/ChronoZonedDateTime
instanceKlass java/time/chrono/AbstractChronology$$Lambda$250
instanceKlass java/time/chrono/AbstractChronology$$Lambda$249
instanceKlass java/lang/invoke/LambdaForm$DMH
instanceKlass java/time/chrono/AbstractChronology
instanceKlass java/time/chrono/Chronology
instanceKlass java/time/LocalTime
instanceKlass java/time/temporal/ValueRange
instanceKlass java/time/temporal/TemporalUnit
instanceKlass java/time/temporal/TemporalField
instanceKlass java/time/LocalDate
instanceKlass java/time/chrono/ChronoLocalDate
instanceKlass java/time/zone/ZoneOffsetTransition
instanceKlass java/time/LocalDateTime
instanceKlass java/time/chrono/ChronoLocalDateTime
instanceKlass java/time/temporal/TemporalAdjuster
instanceKlass java/time/temporal/Temporal
instanceKlass java/time/zone/ZoneOffsetTransitionRule
instanceKlass java/time/zone/ZoneRules
instanceKlass java/time/zone/Ser
instanceKlass java/io/Externalizable
instanceKlass java/time/zone/ZoneRulesProvider$1
instanceKlass java/time/zone/ZoneRulesProvider
instanceKlass java/time/ZoneId
instanceKlass java/time/Clock
instanceKlass org/openqa/selenium/support/ui/FluentWait
instanceKlass org/openqa/selenium/support/ui/Wait
instanceKlass java/net/URLEncoder
instanceKlass org/openqa/selenium/net/Urls
instanceKlass org/openqa/selenium/remote/codec/w3c/W3CHttpCommandCodec$$Lambda$248
instanceKlass org/openqa/selenium/remote/codec/w3c/W3CHttpCommandCodec$$Lambda$247
